<?xml version="1.0" encoding="UTF-8"?>
<testsuite name="com.yoonware.springboot.domain.posts.PostsRepositoryTest" tests="2" skipped="0" failures="0" errors="0" timestamp="2020-10-28T19:31:38" hostname="LAPTOP-OVHQTIFS" time="0.24">
  <properties/>
  <testcase name="게시글저장_불러오기" classname="com.yoonware.springboot.domain.posts.PostsRepositoryTest" time="0.229"/>
  <testcase name="BaseTimeEntity_등록" classname="com.yoonware.springboot.domain.posts.PostsRepositoryTest" time="0.01"/>
  <system-out><![CDATA[2020-10-29 04:31:37.240  INFO 5380 --- [    Test worker] .b.t.c.SpringBootTestContextBootstrapper : Neither @ContextConfiguration nor @ContextHierarchy found for test class [com.yoonware.springboot.domain.posts.PostsRepositoryTest], using SpringBootContextLoader
2020-10-29 04:31:37.240  INFO 5380 --- [    Test worker] o.s.t.c.support.AbstractContextLoader    : Could not detect default resource locations for test class [com.yoonware.springboot.domain.posts.PostsRepositoryTest]: no resource found for suffixes {-context.xml, Context.groovy}.
2020-10-29 04:31:37.240  INFO 5380 --- [    Test worker] t.c.s.AnnotationConfigContextLoaderUtils : Could not detect default configuration classes for test class [com.yoonware.springboot.domain.posts.PostsRepositoryTest]: PostsRepositoryTest does not declare any static, non-private, non-final, nested classes annotated with @Configuration.
2020-10-29 04:31:37.256  INFO 5380 --- [    Test worker] .b.t.c.SpringBootTestContextBootstrapper : Found @SpringBootConfiguration com.yoonware.springboot.Application for test class com.yoonware.springboot.domain.posts.PostsRepositoryTest
2020-10-29 04:31:37.256  INFO 5380 --- [    Test worker] .b.t.c.SpringBootTestContextBootstrapper : Loaded default TestExecutionListener class names from location [META-INF/spring.factories]: [org.springframework.security.test.context.support.WithSecurityContextTestExecutionListener, org.springframework.security.test.context.support.ReactorContextTestExecutionListener, org.springframework.boot.test.autoconfigure.restdocs.RestDocsTestExecutionListener, org.springframework.boot.test.autoconfigure.web.client.MockRestServiceServerResetTestExecutionListener, org.springframework.boot.test.autoconfigure.web.servlet.MockMvcPrintOnlyOnFailureTestExecutionListener, org.springframework.boot.test.autoconfigure.web.servlet.WebDriverTestExecutionListener, org.springframework.boot.test.mock.mockito.MockitoTestExecutionListener, org.springframework.boot.test.mock.mockito.ResetMocksTestExecutionListener, org.springframework.test.context.web.ServletTestExecutionListener, org.springframework.test.context.support.DirtiesContextBeforeModesTestExecutionListener, org.springframework.test.context.support.DependencyInjectionTestExecutionListener, org.springframework.test.context.support.DirtiesContextTestExecutionListener, org.springframework.test.context.transaction.TransactionalTestExecutionListener, org.springframework.test.context.jdbc.SqlScriptsTestExecutionListener]
2020-10-29 04:31:37.256  INFO 5380 --- [    Test worker] .b.t.c.SpringBootTestContextBootstrapper : Using TestExecutionListeners: [org.springframework.test.context.web.ServletTestExecutionListener@f16cfa0, org.springframework.test.context.support.DirtiesContextBeforeModesTestExecutionListener@33378e43, org.springframework.boot.test.mock.mockito.MockitoTestExecutionListener@731f1537, org.springframework.boot.test.autoconfigure.SpringBootDependencyInjectionTestExecutionListener@420674c4, org.springframework.test.context.support.DirtiesContextTestExecutionListener@7b54c8eb, org.springframework.test.context.transaction.TransactionalTestExecutionListener@749e0454, org.springframework.test.context.jdbc.SqlScriptsTestExecutionListener@7fa3115d, org.springframework.security.test.context.support.WithSecurityContextTestExecutionListener@ef2fa39, org.springframework.security.test.context.support.ReactorContextTestExecutionListener@53bc789c, org.springframework.boot.test.autoconfigure.restdocs.RestDocsTestExecutionListener@57846a1b, org.springframework.boot.test.autoconfigure.web.client.MockRestServiceServerResetTestExecutionListener@304aa04f, org.springframework.boot.test.autoconfigure.web.servlet.MockMvcPrintOnlyOnFailureTestExecutionListener@29f0b74d, org.springframework.boot.test.autoconfigure.web.servlet.WebDriverTestExecutionListener@19384277, org.springframework.boot.test.mock.mockito.ResetMocksTestExecutionListener@6d1827f9]

  .   ____          _            __ _ _
 /\\ / ___'_ __ _ _(_)_ __  __ _ \ \ \ \
( ( )\___ | '_ | '_| | '_ \/ _` | \ \ \ \
 \\/  ___)| |_)| | | | | || (_| |  ) ) ) )
  '  |____| .__|_| |_|_| |_\__, | / / / /
 =========|_|==============|___/=/_/_/_/
 :: Spring Boot ::        (v2.1.7.RELEASE)

2020-10-29 04:31:37.287  INFO 5380 --- [    Test worker] c.y.s.domain.posts.PostsRepositoryTest   : Starting PostsRepositoryTest on LAPTOP-OVHQTIFS with PID 5380 (started by yoonware in C:\Users\yoonware\IdeaProjects\freelec-springboot2-webservice)
2020-10-29 04:31:37.287  INFO 5380 --- [    Test worker] c.y.s.domain.posts.PostsRepositoryTest   : No active profile set, falling back to default profiles: default
2020-10-29 04:31:37.584  INFO 5380 --- [    Test worker] .s.d.r.c.RepositoryConfigurationDelegate : Bootstrapping Spring Data repositories in DEFAULT mode.
2020-10-29 04:31:37.603  INFO 5380 --- [    Test worker] .s.d.r.c.RepositoryConfigurationDelegate : Finished Spring Data repository scanning in 19ms. Found 1 repository interfaces.
2020-10-29 04:31:37.712  INFO 5380 --- [    Test worker] trationDelegate$BeanPostProcessorChecker : Bean 'org.springframework.transaction.annotation.ProxyTransactionManagementConfiguration' of type [org.springframework.transaction.annotation.ProxyTransactionManagementConfiguration$$EnhancerBySpringCGLIB$$7a4621cb] is not eligible for getting processed by all BeanPostProcessors (for example: not eligible for auto-proxying)
2020-10-29 04:31:37.821  INFO 5380 --- [    Test worker] com.zaxxer.hikari.HikariDataSource       : HikariPool-2 - Starting...
2020-10-29 04:31:37.821  INFO 5380 --- [    Test worker] com.zaxxer.hikari.HikariDataSource       : HikariPool-2 - Start completed.
2020-10-29 04:31:37.853  INFO 5380 --- [    Test worker] o.hibernate.jpa.internal.util.LogHelper  : HHH000204: Processing PersistenceUnitInfo [
	name: default
	...]
2020-10-29 04:31:37.853  INFO 5380 --- [    Test worker] org.hibernate.dialect.Dialect            : HHH000400: Using dialect: org.hibernate.dialect.MySQL5InnoDBDialect
Hibernate: drop table if exists posts
Hibernate: create table posts (id bigint not null auto_increment, created_date datetime, modified_date datetime, author varchar(255), content TEXT not null, title varchar(500) not null, primary key (id)) engine=InnoDB
2020-10-29 04:31:37.899  INFO 5380 --- [    Test worker] o.h.t.schema.internal.SchemaCreatorImpl  : HHH000476: Executing import script 'org.hibernate.tool.schema.internal.exec.ScriptSourceInputNonExistentImpl@35f0ef9c'
2020-10-29 04:31:37.899  INFO 5380 --- [    Test worker] j.LocalContainerEntityManagerFactoryBean : Initialized JPA EntityManagerFactory for persistence unit 'default'
2020-10-29 04:31:37.978  INFO 5380 --- [    Test worker] o.h.h.i.QueryTranslatorFactoryInitiator  : HHH000397: Using ASTQueryTranslatorFactory
2020-10-29 04:31:38.368  INFO 5380 --- [    Test worker] o.s.s.concurrent.ThreadPoolTaskExecutor  : Initializing ExecutorService 'applicationTaskExecutor'
2020-10-29 04:31:38.384  WARN 5380 --- [    Test worker] aWebConfiguration$JpaWebMvcConfiguration : spring.jpa.open-in-view is enabled by default. Therefore, database queries may be performed during view rendering. Explicitly configure spring.jpa.open-in-view to disable this warning
2020-10-29 04:31:38.431  INFO 5380 --- [    Test worker] o.s.b.a.w.s.WelcomePageHandlerMapping    : Adding welcome page template: index
2020-10-29 04:31:38.777  INFO 5380 --- [    Test worker] c.y.s.domain.posts.PostsRepositoryTest   : Started PostsRepositoryTest in 1.521 seconds (JVM running for 9.262)
Hibernate: insert into posts (created_date, modified_date, author, content, title) values (?, ?, ?, ?, ?)
Hibernate: select posts0_.id as id1_0_, posts0_.created_date as created_2_0_, posts0_.modified_date as modified3_0_, posts0_.author as author4_0_, posts0_.content as content5_0_, posts0_.title as title6_0_ from posts posts0_
Hibernate: select posts0_.id as id1_0_, posts0_.created_date as created_2_0_, posts0_.modified_date as modified3_0_, posts0_.author as author4_0_, posts0_.content as content5_0_, posts0_.title as title6_0_ from posts posts0_
Hibernate: delete from posts where id=?
Hibernate: insert into posts (created_date, modified_date, author, content, title) values (?, ?, ?, ?, ?)
Hibernate: select posts0_.id as id1_0_, posts0_.created_date as created_2_0_, posts0_.modified_date as modified3_0_, posts0_.author as author4_0_, posts0_.content as content5_0_, posts0_.title as title6_0_ from posts posts0_
>>>>>>>>> createDate=2020-10-29T04:31:39.027, modifiedDate=2020-10-29T04:31:39.027
Hibernate: select posts0_.id as id1_0_, posts0_.created_date as created_2_0_, posts0_.modified_date as modified3_0_, posts0_.author as author4_0_, posts0_.content as content5_0_, posts0_.title as title6_0_ from posts posts0_
Hibernate: delete from posts where id=?
]]></system-out>
  <system-err><![CDATA[]]></system-err>
</testsuite>
