<?xml version="1.0" encoding="UTF-8"?>
<testsuite name="com.yoonware.springboot.web.HelloControllerTest" tests="2" skipped="0" failures="0" errors="0" timestamp="2020-10-28T19:31:40" hostname="LAPTOP-OVHQTIFS" time="0.2">
  <properties/>
  <testcase name="hello가_리턴된다" classname="com.yoonware.springboot.web.HelloControllerTest" time="0.056"/>
  <testcase name="helloDto가_리턴된다" classname="com.yoonware.springboot.web.HelloControllerTest" time="0.143"/>
  <system-out><![CDATA[2020-10-29 04:31:39.043  INFO 5380 --- [    Test worker] .b.t.a.w.s.WebMvcTestContextBootstrapper : Neither @ContextConfiguration nor @ContextHierarchy found for test class [com.yoonware.springboot.web.HelloControllerTest], using SpringBootContextLoader
2020-10-29 04:31:39.043  INFO 5380 --- [    Test worker] o.s.t.c.support.AbstractContextLoader    : Could not detect default resource locations for test class [com.yoonware.springboot.web.HelloControllerTest]: no resource found for suffixes {-context.xml, Context.groovy}.
2020-10-29 04:31:39.043  INFO 5380 --- [    Test worker] t.c.s.AnnotationConfigContextLoaderUtils : Could not detect default configuration classes for test class [com.yoonware.springboot.web.HelloControllerTest]: HelloControllerTest does not declare any static, non-private, non-final, nested classes annotated with @Configuration.
2020-10-29 04:31:39.058  INFO 5380 --- [    Test worker] .b.t.c.SpringBootTestContextBootstrapper : Found @SpringBootConfiguration com.yoonware.springboot.Application for test class com.yoonware.springboot.web.HelloControllerTest
2020-10-29 04:31:39.058  INFO 5380 --- [    Test worker] .b.t.a.w.s.WebMvcTestContextBootstrapper : Loaded default TestExecutionListener class names from location [META-INF/spring.factories]: [org.springframework.security.test.context.support.WithSecurityContextTestExecutionListener, org.springframework.security.test.context.support.ReactorContextTestExecutionListener, org.springframework.boot.test.autoconfigure.restdocs.RestDocsTestExecutionListener, org.springframework.boot.test.autoconfigure.web.client.MockRestServiceServerResetTestExecutionListener, org.springframework.boot.test.autoconfigure.web.servlet.MockMvcPrintOnlyOnFailureTestExecutionListener, org.springframework.boot.test.autoconfigure.web.servlet.WebDriverTestExecutionListener, org.springframework.boot.test.mock.mockito.MockitoTestExecutionListener, org.springframework.boot.test.mock.mockito.ResetMocksTestExecutionListener, org.springframework.test.context.web.ServletTestExecutionListener, org.springframework.test.context.support.DirtiesContextBeforeModesTestExecutionListener, org.springframework.test.context.support.DependencyInjectionTestExecutionListener, org.springframework.test.context.support.DirtiesContextTestExecutionListener, org.springframework.test.context.transaction.TransactionalTestExecutionListener, org.springframework.test.context.jdbc.SqlScriptsTestExecutionListener]
2020-10-29 04:31:39.058  INFO 5380 --- [    Test worker] .b.t.a.w.s.WebMvcTestContextBootstrapper : Using TestExecutionListeners: [org.springframework.test.context.web.ServletTestExecutionListener@30adb579, org.springframework.test.context.support.DirtiesContextBeforeModesTestExecutionListener@28c2fa4e, org.springframework.boot.test.mock.mockito.MockitoTestExecutionListener@456b4269, org.springframework.boot.test.autoconfigure.SpringBootDependencyInjectionTestExecutionListener@77226f17, org.springframework.test.context.support.DirtiesContextTestExecutionListener@2a790af7, org.springframework.test.context.transaction.TransactionalTestExecutionListener@15d6857c, org.springframework.test.context.jdbc.SqlScriptsTestExecutionListener@a31f5a5, org.springframework.security.test.context.support.WithSecurityContextTestExecutionListener@6e8f6923, org.springframework.security.test.context.support.ReactorContextTestExecutionListener@cc3f8b7, org.springframework.boot.test.autoconfigure.restdocs.RestDocsTestExecutionListener@2d9f6136, org.springframework.boot.test.autoconfigure.web.client.MockRestServiceServerResetTestExecutionListener@280635fd, org.springframework.boot.test.autoconfigure.web.servlet.MockMvcPrintOnlyOnFailureTestExecutionListener@3dd597af, org.springframework.boot.test.autoconfigure.web.servlet.WebDriverTestExecutionListener@2ec0c6e2, org.springframework.boot.test.mock.mockito.ResetMocksTestExecutionListener@780094dd]

  .   ____          _            __ _ _
 /\\ / ___'_ __ _ _(_)_ __  __ _ \ \ \ \
( ( )\___ | '_ | '_| | '_ \/ _` | \ \ \ \
 \\/  ___)| |_)| | | | | || (_| |  ) ) ) )
  '  |____| .__|_| |_|_| |_\__, | / / / /
 =========|_|==============|___/=/_/_/_/
 :: Spring Boot ::        (v2.1.7.RELEASE)

2020-10-29 04:31:39.105  INFO 5380 --- [    Test worker] c.y.springboot.web.HelloControllerTest   : Starting HelloControllerTest on LAPTOP-OVHQTIFS with PID 5380 (started by yoonware in C:\Users\yoonware\IdeaProjects\freelec-springboot2-webservice)
2020-10-29 04:31:39.105  INFO 5380 --- [    Test worker] c.y.springboot.web.HelloControllerTest   : No active profile set, falling back to default profiles: default
2020-10-29 04:31:39.734  INFO 5380 --- [    Test worker] o.s.s.concurrent.ThreadPoolTaskExecutor  : Initializing ExecutorService 'applicationTaskExecutor'
2020-10-29 04:31:39.812  INFO 5380 --- [    Test worker] o.s.b.a.w.s.WelcomePageHandlerMapping    : Adding welcome page template: index
2020-10-29 04:31:40.031  INFO 5380 --- [    Test worker] o.s.b.t.m.w.SpringBootMockServletContext : Initializing Spring TestDispatcherServlet ''
2020-10-29 04:31:40.031  INFO 5380 --- [    Test worker] o.s.t.web.servlet.TestDispatcherServlet  : Initializing Servlet ''
2020-10-29 04:31:40.046  INFO 5380 --- [    Test worker] o.s.t.web.servlet.TestDispatcherServlet  : Completed initialization in 15 ms
2020-10-29 04:31:40.093  INFO 5380 --- [    Test worker] c.y.springboot.web.HelloControllerTest   : Started HelloControllerTest in 1.019 seconds (JVM running for 10.573)
]]></system-out>
  <system-err><![CDATA[]]></system-err>
</testsuite>
