<?xml version="1.0" encoding="UTF-8"?>
<testsuite name="com.yoonware.springboot.web.IndexControllerTest" tests="1" skipped="0" failures="0" errors="0" timestamp="2020-10-28T19:31:36" hostname="LAPTOP-OVHQTIFS" time="0.346">
  <properties/>
  <testcase name="메인페이지_로딩" classname="com.yoonware.springboot.web.IndexControllerTest" time="0.346"/>
  <system-out><![CDATA[04:31:30.727 [Test worker] DEBUG org.springframework.test.context.junit4.SpringJUnit4ClassRunner - SpringJUnit4ClassRunner constructor called with [class com.yoonware.springboot.web.IndexControllerTest]
04:31:30.743 [Test worker] DEBUG org.springframework.test.context.BootstrapUtils - Instantiating CacheAwareContextLoaderDelegate from class [org.springframework.test.context.cache.DefaultCacheAwareContextLoaderDelegate]
04:31:30.743 [Test worker] DEBUG org.springframework.test.context.BootstrapUtils - Instantiating BootstrapContext using constructor [public org.springframework.test.context.support.DefaultBootstrapContext(java.lang.Class,org.springframework.test.context.CacheAwareContextLoaderDelegate)]
04:31:30.774 [Test worker] DEBUG org.springframework.test.context.BootstrapUtils - Instantiating TestContextBootstrapper for test class [com.yoonware.springboot.web.IndexControllerTest] from class [org.springframework.boot.test.context.SpringBootTestContextBootstrapper]
04:31:30.790 [Test worker] INFO org.springframework.boot.test.context.SpringBootTestContextBootstrapper - Neither @ContextConfiguration nor @ContextHierarchy found for test class [com.yoonware.springboot.web.IndexControllerTest], using SpringBootContextLoader
04:31:30.790 [Test worker] DEBUG org.springframework.test.context.support.AbstractContextLoader - Did not detect default resource location for test class [com.yoonware.springboot.web.IndexControllerTest]: class path resource [com/yoonware/springboot/web/IndexControllerTest-context.xml] does not exist
04:31:30.790 [Test worker] DEBUG org.springframework.test.context.support.AbstractContextLoader - Did not detect default resource location for test class [com.yoonware.springboot.web.IndexControllerTest]: class path resource [com/yoonware/springboot/web/IndexControllerTestContext.groovy] does not exist
04:31:30.790 [Test worker] INFO org.springframework.test.context.support.AbstractContextLoader - Could not detect default resource locations for test class [com.yoonware.springboot.web.IndexControllerTest]: no resource found for suffixes {-context.xml, Context.groovy}.
04:31:30.790 [Test worker] INFO org.springframework.test.context.support.AnnotationConfigContextLoaderUtils - Could not detect default configuration classes for test class [com.yoonware.springboot.web.IndexControllerTest]: IndexControllerTest does not declare any static, non-private, non-final, nested classes annotated with @Configuration.
04:31:30.837 [Test worker] DEBUG org.springframework.test.context.support.ActiveProfilesUtils - Could not find an 'annotation declaring class' for annotation type [org.springframework.test.context.ActiveProfiles] and class [com.yoonware.springboot.web.IndexControllerTest]
04:31:30.930 [Test worker] DEBUG org.springframework.context.annotation.ClassPathScanningCandidateComponentProvider - Identified candidate component class: file [C:\Users\yoonware\IdeaProjects\freelec-springboot2-webservice\build\classes\java\main\com\yoonware\springboot\Application.class]
04:31:30.930 [Test worker] INFO org.springframework.boot.test.context.SpringBootTestContextBootstrapper - Found @SpringBootConfiguration com.yoonware.springboot.Application for test class com.yoonware.springboot.web.IndexControllerTest
04:31:31.024 [Test worker] DEBUG org.springframework.boot.test.context.SpringBootTestContextBootstrapper - @TestExecutionListeners is not present for class [com.yoonware.springboot.web.IndexControllerTest]: using defaults.
04:31:31.024 [Test worker] INFO org.springframework.boot.test.context.SpringBootTestContextBootstrapper - Loaded default TestExecutionListener class names from location [META-INF/spring.factories]: [org.springframework.security.test.context.support.WithSecurityContextTestExecutionListener, org.springframework.security.test.context.support.ReactorContextTestExecutionListener, org.springframework.boot.test.autoconfigure.restdocs.RestDocsTestExecutionListener, org.springframework.boot.test.autoconfigure.web.client.MockRestServiceServerResetTestExecutionListener, org.springframework.boot.test.autoconfigure.web.servlet.MockMvcPrintOnlyOnFailureTestExecutionListener, org.springframework.boot.test.autoconfigure.web.servlet.WebDriverTestExecutionListener, org.springframework.boot.test.mock.mockito.MockitoTestExecutionListener, org.springframework.boot.test.mock.mockito.ResetMocksTestExecutionListener, org.springframework.test.context.web.ServletTestExecutionListener, org.springframework.test.context.support.DirtiesContextBeforeModesTestExecutionListener, org.springframework.test.context.support.DependencyInjectionTestExecutionListener, org.springframework.test.context.support.DirtiesContextTestExecutionListener, org.springframework.test.context.transaction.TransactionalTestExecutionListener, org.springframework.test.context.jdbc.SqlScriptsTestExecutionListener]
04:31:31.055 [Test worker] INFO org.springframework.boot.test.context.SpringBootTestContextBootstrapper - Using TestExecutionListeners: [org.springframework.test.context.web.ServletTestExecutionListener@72161ce2, org.springframework.test.context.support.DirtiesContextBeforeModesTestExecutionListener@199edac3, org.springframework.boot.test.mock.mockito.MockitoTestExecutionListener@7b715729, org.springframework.boot.test.autoconfigure.SpringBootDependencyInjectionTestExecutionListener@2ecf2aba, org.springframework.test.context.support.DirtiesContextTestExecutionListener@6c7cc28d, org.springframework.test.context.transaction.TransactionalTestExecutionListener@3db5503, org.springframework.test.context.jdbc.SqlScriptsTestExecutionListener@7262824e, org.springframework.security.test.context.support.WithSecurityContextTestExecutionListener@252fec42, org.springframework.security.test.context.support.ReactorContextTestExecutionListener@2f4d3ac0, org.springframework.boot.test.autoconfigure.restdocs.RestDocsTestExecutionListener@76e71167, org.springframework.boot.test.autoconfigure.web.client.MockRestServiceServerResetTestExecutionListener@10f19d07, org.springframework.boot.test.autoconfigure.web.servlet.MockMvcPrintOnlyOnFailureTestExecutionListener@4a662ea7, org.springframework.boot.test.autoconfigure.web.servlet.WebDriverTestExecutionListener@c3b9611, org.springframework.boot.test.mock.mockito.ResetMocksTestExecutionListener@4219d2d8]
04:31:31.055 [Test worker] DEBUG org.springframework.test.annotation.ProfileValueUtils - Retrieved @ProfileValueSourceConfiguration [null] for test class [com.yoonware.springboot.web.IndexControllerTest]
04:31:31.055 [Test worker] DEBUG org.springframework.test.annotation.ProfileValueUtils - Retrieved ProfileValueSource type [class org.springframework.test.annotation.SystemProfileValueSource] for class [com.yoonware.springboot.web.IndexControllerTest]
04:31:31.055 [Test worker] DEBUG org.springframework.test.annotation.ProfileValueUtils - Retrieved @ProfileValueSourceConfiguration [null] for test class [com.yoonware.springboot.web.IndexControllerTest]
04:31:31.055 [Test worker] DEBUG org.springframework.test.annotation.ProfileValueUtils - Retrieved ProfileValueSource type [class org.springframework.test.annotation.SystemProfileValueSource] for class [com.yoonware.springboot.web.IndexControllerTest]
04:31:31.071 [Test worker] DEBUG org.springframework.test.context.support.AbstractDirtiesContextTestExecutionListener - Before test class: context [DefaultTestContext@49a4da24 testClass = IndexControllerTest, testInstance = [null], testMethod = [null], testException = [null], mergedContextConfiguration = [WebMergedContextConfiguration@5534781 testClass = IndexControllerTest, locations = '{}', classes = '{class com.yoonware.springboot.Application}', contextInitializerClasses = '[]', activeProfiles = '{}', propertySourceLocations = '{}', propertySourceProperties = '{org.springframework.boot.test.context.SpringBootTestContextBootstrapper=true, server.port=0}', contextCustomizers = set[org.springframework.boot.test.autoconfigure.properties.PropertyMappingContextCustomizer@0, org.springframework.boot.test.autoconfigure.web.servlet.WebDriverContextCustomizerFactory$Customizer@3cbb01bc, org.springframework.boot.test.context.filter.ExcludeFilterContextCustomizer@3c8518d7, org.springframework.boot.test.json.DuplicateJsonObjectContextCustomizerFactory$DuplicateJsonObjectContextCustomizer@22a0640f, org.springframework.boot.test.mock.mockito.MockitoContextCustomizer@0, org.springframework.boot.test.web.client.TestRestTemplateContextCustomizer@6bed3fd7], resourceBasePath = 'src/main/webapp', contextLoader = 'org.springframework.boot.test.context.SpringBootContextLoader', parent = [null]], attributes = map['org.springframework.test.context.web.ServletTestExecutionListener.activateListener' -> false]], class annotated with @DirtiesContext [false] with mode [null].
04:31:31.071 [Test worker] DEBUG org.springframework.test.annotation.ProfileValueUtils - Retrieved @ProfileValueSourceConfiguration [null] for test class [com.yoonware.springboot.web.IndexControllerTest]
04:31:31.071 [Test worker] DEBUG org.springframework.test.annotation.ProfileValueUtils - Retrieved ProfileValueSource type [class org.springframework.test.annotation.SystemProfileValueSource] for class [com.yoonware.springboot.web.IndexControllerTest]
04:31:31.071 [Test worker] DEBUG org.springframework.test.context.support.DependencyInjectionTestExecutionListener - Performing dependency injection for test context [[DefaultTestContext@49a4da24 testClass = IndexControllerTest, testInstance = com.yoonware.springboot.web.IndexControllerTest@195165a3, testMethod = [null], testException = [null], mergedContextConfiguration = [WebMergedContextConfiguration@5534781 testClass = IndexControllerTest, locations = '{}', classes = '{class com.yoonware.springboot.Application}', contextInitializerClasses = '[]', activeProfiles = '{}', propertySourceLocations = '{}', propertySourceProperties = '{org.springframework.boot.test.context.SpringBootTestContextBootstrapper=true, server.port=0}', contextCustomizers = set[org.springframework.boot.test.autoconfigure.properties.PropertyMappingContextCustomizer@0, org.springframework.boot.test.autoconfigure.web.servlet.WebDriverContextCustomizerFactory$Customizer@3cbb01bc, org.springframework.boot.test.context.filter.ExcludeFilterContextCustomizer@3c8518d7, org.springframework.boot.test.json.DuplicateJsonObjectContextCustomizerFactory$DuplicateJsonObjectContextCustomizer@22a0640f, org.springframework.boot.test.mock.mockito.MockitoContextCustomizer@0, org.springframework.boot.test.web.client.TestRestTemplateContextCustomizer@6bed3fd7], resourceBasePath = 'src/main/webapp', contextLoader = 'org.springframework.boot.test.context.SpringBootContextLoader', parent = [null]], attributes = map['org.springframework.test.context.web.ServletTestExecutionListener.activateListener' -> false]]].
04:31:31.102 [Test worker] DEBUG org.springframework.test.context.support.TestPropertySourceUtils - Adding inlined properties to environment: {spring.jmx.enabled=false, org.springframework.boot.test.context.SpringBootTestContextBootstrapper=true, server.port=0}

  .   ____          _            __ _ _
 /\\ / ___'_ __ _ _(_)_ __  __ _ \ \ \ \
( ( )\___ | '_ | '_| | '_ \/ _` | \ \ \ \
 \\/  ___)| |_)| | | | | || (_| |  ) ) ) )
  '  |____| .__|_| |_|_| |_\__, | / / / /
 =========|_|==============|___/=/_/_/_/
 :: Spring Boot ::        (v2.1.7.RELEASE)

2020-10-29 04:31:31.368  INFO 5380 --- [    Test worker] c.y.springboot.web.IndexControllerTest   : Starting IndexControllerTest on LAPTOP-OVHQTIFS with PID 5380 (started by yoonware in C:\Users\yoonware\IdeaProjects\freelec-springboot2-webservice)
2020-10-29 04:31:31.368  INFO 5380 --- [    Test worker] c.y.springboot.web.IndexControllerTest   : No active profile set, falling back to default profiles: default
2020-10-29 04:31:32.152  INFO 5380 --- [    Test worker] .s.d.r.c.RepositoryConfigurationDelegate : Bootstrapping Spring Data repositories in DEFAULT mode.
2020-10-29 04:31:32.230  INFO 5380 --- [    Test worker] .s.d.r.c.RepositoryConfigurationDelegate : Finished Spring Data repository scanning in 62ms. Found 1 repository interfaces.
2020-10-29 04:31:32.665  INFO 5380 --- [    Test worker] trationDelegate$BeanPostProcessorChecker : Bean 'org.springframework.transaction.annotation.ProxyTransactionManagementConfiguration' of type [org.springframework.transaction.annotation.ProxyTransactionManagementConfiguration$$EnhancerBySpringCGLIB$$7a4621cb] is not eligible for getting processed by all BeanPostProcessors (for example: not eligible for auto-proxying)
2020-10-29 04:31:33.108  INFO 5380 --- [    Test worker] o.s.b.w.embedded.tomcat.TomcatWebServer  : Tomcat initialized with port(s): 0 (http)
2020-10-29 04:31:33.124  INFO 5380 --- [    Test worker] o.apache.catalina.core.StandardService   : Starting service [Tomcat]
2020-10-29 04:31:33.124  INFO 5380 --- [    Test worker] org.apache.catalina.core.StandardEngine  : Starting Servlet engine: [Apache Tomcat/9.0.22]
2020-10-29 04:31:33.280  INFO 5380 --- [    Test worker] o.a.c.c.C.[Tomcat].[localhost].[/]       : Initializing Spring embedded WebApplicationContext
2020-10-29 04:31:33.280  INFO 5380 --- [    Test worker] o.s.web.context.ContextLoader            : Root WebApplicationContext: initialization completed in 1897 ms
2020-10-29 04:31:33.591  INFO 5380 --- [    Test worker] com.zaxxer.hikari.HikariDataSource       : HikariPool-1 - Starting...
2020-10-29 04:31:33.752  INFO 5380 --- [    Test worker] com.zaxxer.hikari.HikariDataSource       : HikariPool-1 - Start completed.
2020-10-29 04:31:33.861  INFO 5380 --- [    Test worker] o.hibernate.jpa.internal.util.LogHelper  : HHH000204: Processing PersistenceUnitInfo [
	name: default
	...]
2020-10-29 04:31:33.973  INFO 5380 --- [    Test worker] org.hibernate.Version                    : HHH000412: Hibernate Core {5.3.10.Final}
2020-10-29 04:31:33.973  INFO 5380 --- [    Test worker] org.hibernate.cfg.Environment            : HHH000206: hibernate.properties not found
2020-10-29 04:31:34.192  INFO 5380 --- [    Test worker] o.hibernate.annotations.common.Version   : HCANN000001: Hibernate Commons Annotations {5.0.4.Final}
2020-10-29 04:31:34.410  INFO 5380 --- [    Test worker] org.hibernate.dialect.Dialect            : HHH000400: Using dialect: org.hibernate.dialect.MySQL5InnoDBDialect
Hibernate: drop table if exists posts
Hibernate: create table posts (id bigint not null auto_increment, created_date datetime, modified_date datetime, author varchar(255), content TEXT not null, title varchar(500) not null, primary key (id)) engine=InnoDB
2020-10-29 04:31:35.145  INFO 5380 --- [    Test worker] o.h.t.schema.internal.SchemaCreatorImpl  : HHH000476: Executing import script 'org.hibernate.tool.schema.internal.exec.ScriptSourceInputNonExistentImpl@35f0ef9c'
2020-10-29 04:31:35.145  INFO 5380 --- [    Test worker] j.LocalContainerEntityManagerFactoryBean : Initialized JPA EntityManagerFactory for persistence unit 'default'
2020-10-29 04:31:35.518  INFO 5380 --- [    Test worker] o.h.h.i.QueryTranslatorFactoryInitiator  : HHH000397: Using ASTQueryTranslatorFactory
2020-10-29 04:31:36.274  INFO 5380 --- [    Test worker] o.s.s.concurrent.ThreadPoolTaskExecutor  : Initializing ExecutorService 'applicationTaskExecutor'
2020-10-29 04:31:36.337  WARN 5380 --- [    Test worker] aWebConfiguration$JpaWebMvcConfiguration : spring.jpa.open-in-view is enabled by default. Therefore, database queries may be performed during view rendering. Explicitly configure spring.jpa.open-in-view to disable this warning
2020-10-29 04:31:36.415  INFO 5380 --- [    Test worker] o.s.b.a.w.s.WelcomePageHandlerMapping    : Adding welcome page template: index
2020-10-29 04:31:36.881  INFO 5380 --- [    Test worker] o.s.b.w.embedded.tomcat.TomcatWebServer  : Tomcat started on port(s): 7117 (http) with context path ''
2020-10-29 04:31:36.881  INFO 5380 --- [    Test worker] c.y.springboot.web.IndexControllerTest   : Started IndexControllerTest in 5.763 seconds (JVM running for 7.364)
2020-10-29 04:31:37.053  INFO 5380 --- [o-auto-1-exec-1] o.a.c.c.C.[Tomcat].[localhost].[/]       : Initializing Spring DispatcherServlet 'dispatcherServlet'
2020-10-29 04:31:37.053  INFO 5380 --- [o-auto-1-exec-1] o.s.web.servlet.DispatcherServlet        : Initializing Servlet 'dispatcherServlet'
2020-10-29 04:31:37.084  INFO 5380 --- [o-auto-1-exec-1] o.s.web.servlet.DispatcherServlet        : Completed initialization in 31 ms
Hibernate: select posts0_.id as id1_0_, posts0_.created_date as created_2_0_, posts0_.modified_date as modified3_0_, posts0_.author as author4_0_, posts0_.content as content5_0_, posts0_.title as title6_0_ from posts posts0_ order by posts0_.id DESC
]]></system-out>
  <system-err><![CDATA[]]></system-err>
</testsuite>
