<?xml version="1.0" encoding="UTF-8"?>
<testsuite name="com.yoonware.springboot.web.PostsApiControllerTest" tests="2" skipped="0" failures="0" errors="0" timestamp="2020-10-28T19:31:40" hostname="LAPTOP-OVHQTIFS" time="0.179">
  <properties/>
  <testcase name="Posts_등록된다" classname="com.yoonware.springboot.web.PostsApiControllerTest" time="0.139"/>
  <testcase name="Posts_수정된다" classname="com.yoonware.springboot.web.PostsApiControllerTest" time="0.039"/>
  <system-out><![CDATA[2020-10-29 04:31:40.296  INFO 5380 --- [    Test worker] .b.t.c.SpringBootTestContextBootstrapper : Neither @ContextConfiguration nor @ContextHierarchy found for test class [com.yoonware.springboot.web.PostsApiControllerTest], using SpringBootContextLoader
2020-10-29 04:31:40.296  INFO 5380 --- [    Test worker] o.s.t.c.support.AbstractContextLoader    : Could not detect default resource locations for test class [com.yoonware.springboot.web.PostsApiControllerTest]: no resource found for suffixes {-context.xml, Context.groovy}.
2020-10-29 04:31:40.296  INFO 5380 --- [    Test worker] t.c.s.AnnotationConfigContextLoaderUtils : Could not detect default configuration classes for test class [com.yoonware.springboot.web.PostsApiControllerTest]: PostsApiControllerTest does not declare any static, non-private, non-final, nested classes annotated with @Configuration.
2020-10-29 04:31:40.296  INFO 5380 --- [    Test worker] .b.t.c.SpringBootTestContextBootstrapper : Found @SpringBootConfiguration com.yoonware.springboot.Application for test class com.yoonware.springboot.web.PostsApiControllerTest
2020-10-29 04:31:40.296  INFO 5380 --- [    Test worker] .b.t.c.SpringBootTestContextBootstrapper : Loaded default TestExecutionListener class names from location [META-INF/spring.factories]: [org.springframework.security.test.context.support.WithSecurityContextTestExecutionListener, org.springframework.security.test.context.support.ReactorContextTestExecutionListener, org.springframework.boot.test.autoconfigure.restdocs.RestDocsTestExecutionListener, org.springframework.boot.test.autoconfigure.web.client.MockRestServiceServerResetTestExecutionListener, org.springframework.boot.test.autoconfigure.web.servlet.MockMvcPrintOnlyOnFailureTestExecutionListener, org.springframework.boot.test.autoconfigure.web.servlet.WebDriverTestExecutionListener, org.springframework.boot.test.mock.mockito.MockitoTestExecutionListener, org.springframework.boot.test.mock.mockito.ResetMocksTestExecutionListener, org.springframework.test.context.web.ServletTestExecutionListener, org.springframework.test.context.support.DirtiesContextBeforeModesTestExecutionListener, org.springframework.test.context.support.DependencyInjectionTestExecutionListener, org.springframework.test.context.support.DirtiesContextTestExecutionListener, org.springframework.test.context.transaction.TransactionalTestExecutionListener, org.springframework.test.context.jdbc.SqlScriptsTestExecutionListener]
2020-10-29 04:31:40.296  INFO 5380 --- [    Test worker] .b.t.c.SpringBootTestContextBootstrapper : Using TestExecutionListeners: [org.springframework.test.context.web.ServletTestExecutionListener@7541243b, org.springframework.test.context.support.DirtiesContextBeforeModesTestExecutionListener@115864a8, org.springframework.boot.test.mock.mockito.MockitoTestExecutionListener@5789ffc0, org.springframework.boot.test.autoconfigure.SpringBootDependencyInjectionTestExecutionListener@47080edd, org.springframework.test.context.support.DirtiesContextTestExecutionListener@3b949afb, org.springframework.test.context.transaction.TransactionalTestExecutionListener@69bbd405, org.springframework.test.context.jdbc.SqlScriptsTestExecutionListener@71d4410d, org.springframework.security.test.context.support.WithSecurityContextTestExecutionListener@76adc70c, org.springframework.security.test.context.support.ReactorContextTestExecutionListener@69f1d860, org.springframework.boot.test.autoconfigure.restdocs.RestDocsTestExecutionListener@5edd22a7, org.springframework.boot.test.autoconfigure.web.client.MockRestServiceServerResetTestExecutionListener@d52cc58, org.springframework.boot.test.autoconfigure.web.servlet.MockMvcPrintOnlyOnFailureTestExecutionListener@155fef59, org.springframework.boot.test.autoconfigure.web.servlet.WebDriverTestExecutionListener@720a074a, org.springframework.boot.test.mock.mockito.ResetMocksTestExecutionListener@45f5dbb6]
Hibernate: insert into posts (created_date, modified_date, author, content, title) values (?, ?, ?, ?, ?)
Hibernate: select posts0_.id as id1_0_, posts0_.created_date as created_2_0_, posts0_.modified_date as modified3_0_, posts0_.author as author4_0_, posts0_.content as content5_0_, posts0_.title as title6_0_ from posts posts0_
Hibernate: select posts0_.id as id1_0_, posts0_.created_date as created_2_0_, posts0_.modified_date as modified3_0_, posts0_.author as author4_0_, posts0_.content as content5_0_, posts0_.title as title6_0_ from posts posts0_
Hibernate: delete from posts where id=?
Hibernate: insert into posts (created_date, modified_date, author, content, title) values (?, ?, ?, ?, ?)
Hibernate: select posts0_.id as id1_0_0_, posts0_.created_date as created_2_0_0_, posts0_.modified_date as modified3_0_0_, posts0_.author as author4_0_0_, posts0_.content as content5_0_0_, posts0_.title as title6_0_0_ from posts posts0_ where posts0_.id=?
Hibernate: update posts set created_date=?, modified_date=?, author=?, content=?, title=? where id=?
Hibernate: select posts0_.id as id1_0_, posts0_.created_date as created_2_0_, posts0_.modified_date as modified3_0_, posts0_.author as author4_0_, posts0_.content as content5_0_, posts0_.title as title6_0_ from posts posts0_
Hibernate: select posts0_.id as id1_0_, posts0_.created_date as created_2_0_, posts0_.modified_date as modified3_0_, posts0_.author as author4_0_, posts0_.content as content5_0_, posts0_.title as title6_0_ from posts posts0_
Hibernate: delete from posts where id=?
]]></system-out>
  <system-err><![CDATA[]]></system-err>
</testsuite>
